<?xml version="1.0" encoding="UTF-8"?>
<testng-results ignored="0" total="1" passed="1" failed="0" skipped="0">
  <reporter-output>
  </reporter-output>
  <suite started-at="2021-08-19T12:42:41 IST" name="Default suite" finished-at="2021-08-19T12:42:41 IST" duration-ms="25">
    <groups>
    </groups>
    <test started-at="2021-08-19T12:42:41 IST" name="Default test" finished-at="2021-08-19T12:42:41 IST" duration-ms="25">
      <class name="project1.CodePush">
        <test-method signature="push()[pri:0, instance:project1.CodePush@2a266d09]" started-at="2021-08-19T12:42:41 IST" name="push" finished-at="2021-08-19T12:42:41 IST" duration-ms="4" status="PASS">
          <reporter-output>
          </reporter-output>
        </test-method> <!-- push -->
      </class> <!-- project1.CodePush -->
    </test> <!-- Default test -->
  </suite> <!-- Default suite -->
</testng-results>
